-- FreeFem++ v4.1 (Sat, Nov 13, 2021  7:40:01 PM - git v4.10)
   file : C:\Users\admin\Desktop\elfree\EDP2\12 NAVIER STOKES FLUJO INCOMPRESIBLE\110 b  GENERACION MALLA aplicacJM ventdailac cruzada.edp
 Load: lg_fem lg_mesh lg_mesh3 eigenvalue
    1 : // APLICACION DE CÁLCULO DE MASAS DE AIRE EN EL INTERIOR DE UNA CASA
    2 : // Alumno: José Manuel Díaz González
    3 : //Profesor: Gabriel Winter Althaus
    4 : // Asignatura: Energía, Medioambiente y Edificación
    5 : // Se considera una casa de 42 metros cuadrados.
    6 :
    7 : int n=20;
    8 :
    9 : // Definimos los contornos de la casa y sus estancias.
   10 :
   11 : border a1 (t=0,0.75) {x=t;y=0;label=2;};
   12 : border a2 (t=0.75,2.25) {x=t;y=0;label=2;}; //Ventana Dormitorio Principal
   13 : border a3 (t=2.25,3) {x=t;y=0;label=2;};
   14 : border a8 (t=0,3) {x=3;y=t;label=2;};
   15 : border a9 (t=3,3.1) {x=t;y=3;label=2;};
   16 : border a10 (t=3,0) {x=3.1;y=t;label=2;};
   17 : border a4 (t=3.1,3.75) {x=t;y=0;label=1;}; //Acceso a la sala
   18 : border a5 (t=3.75,4.125) {x=t;y=0;label=2;};
   19 : border a6 (t=4.125,5.625) {x=t;y=0;label=2;}; //Ventana de la sala
   20 : border a7 (t=5.625,6) {x=t;y=0;label=2;}
   21 : border b1 (t=0,1.25) {x=6;y=t;label=2;};
   22 : border b2 (t=1.25,2.75) {x=6;y=t;label=2;}; //Ventana Sala
   23 : border b3 (t=2.75,4) {x=6;y=t;label=2;};
   24 : border b4 (t=4,4.75) {x=6;y=t;label=2;};
   25 : border b5 (t=4.75,6.25) {x=6;y=t;label=2;}; // Ventana Cocina
   26 : border b6 (t=6.25,7) {x=6;y=t;label=2;};
   27 : border c1 (t=6,5.625) {x=t;y=7;label=2;};
   28 : border c2 (t=5.625,4.125) {x=t;y=7;label=2;}; //Ventana Cocina
   29 : border c3 (t=4.125,3.75) {x=t;y=7;label=2;};
   30 : border c4 (t=3.75,3.1) {x=t;y=7;label=2;}; //Acceso Cocina
   31 : border c8 (t=7,4.5) {x=3.1;y=t;label=2;};
   32 : border c9 (t=3.1,3) {x=t;y=4.5;label=2;};
   33 : border c10 (t=4.5,7) {x=3;y=t;label=2;};
   34 : border c5 (t=3,2.25) {x=t;y=7;label=2;};
   35 : border c6 (t=2.25,0.75) {x=t;y=7;label=2;}; //Ventana Dormitorio
   36 : border c7 (t=0.75,0) {x=t;y=7;label=2;};
   37 : border d1 (t=7,6.5) {x=0;y=t;label=2;};
   38 : border d2 (t=6.5,5) {x=0;y=t;label=3;}; //Ventana Dormitorio
   39 : border d3 (t=5,4.6) {x=0;y=t;label=2;};
   40 : border d10 (t=0,2.25) {x=t;y=4.6;label=2;};
   41 : border d11 (t=4.6,3.75) {x=2.25;y=t;label=2;};
   42 : border d12 (t=2.25,2.15) {x=t;y=3.75;label=2;};
   43 : border d13 (t=3.75,4.5) {x=2.15;y=t;label=2;};
   44 : border d14 (t=2.15,0) {x=t;y=4.5;label=2;};
   45 : border d4 (t=4.5,4.25) {x=0;y=t;label=2;};
   46 : border d5 (t=4.25,3.25) {x=0;y=t;label=3;}; //Ventana Aseo
   47 : border d6 (t=3.25,3.1) {x=0;y=t;label=2;};
   48 : border d15 (t=0,2.25) {x=t;y=3.1;label=2;};
   49 : border d16 (t=3.1,3) {x=2.25;y=t;label=2;};
   50 : border d17 (t=2.25,0) {x=t;y=3;label=2;};
   51 : border d7 (t=3,2.25) {x=0;y=t;label=2;};
   52 :
   53 : border d8 (t=2.25,0.75) {x=0;y=t;label=3;}; //Ventana Dormitorio Principal
   54 : border d9 (t=0.75,0) {x=0;y=t;label=2;};
   55 : mesh Th = buildmesh(a1(n)+a2(n)+a3(n)+a4(n)+a5(n)+a6(n)+a7(n)+a8(n)+a9(n)+a10(n)+b1(n)+b2(n)+b3(n/2)+b4(n)+b5(n)da+b6(n)+c1(n)+c2(n)+c3(n)+c4(n)+c5(n)+c6(n)+c7(n)+c8(n/2)+c9(n)+c10(n)+d1(n/2)+d2(n)+d3(n)+d4(n)+d5(n)+d6(n)+d7(n)+d8(n)+dad9(n)+d10(n)+d11(n)+d12(n)+d13(n)+d14(n/2)+d15(n/2)+d16(n)+d17(n/2));
   56 : plot(Th, wait=1);
   57 :  sizestack + 1024 =1952  ( 928 )
 
  --  mesh:  Nb of Triangles =  29892, Nb of Vertices 15347
times: compile 1.275s, execution 0.259s,  mpirank:0
 ######## We forget of deleting   29 Nb pointer,   0Bytes  ,  mpirank 0, memory leak =0
 CodeAlloc : nb ptr  4639,  size :536560 mpirank: 0
Ok: Normal End
 try getConsole C:\Users\admin\Desktop\elfree\EDP2\12 NAVIER STOKES FLUJO INCOMPRESIBLE\110 b  GENERACION MALLA aplicacJdaM ventilac cruzada.edp
